# JRE version: OpenJDK Runtime Environment (8.0_152-b02) (build 1.8.0_152-release-1024-b02)
# Java VM: OpenJDK 64-Bit Server VM (25.152-b02 mixed mode windows-amd64 compressed oops)
Heap:
 PSYoungGen      total 439808K, used 160647K [0x00000000e0000000, 0x0000000100000000, 0x0000000100000000)
  eden space 422912K, 35% used [0x00000000e0000000,0x00000000e9171750,0x00000000f9d00000)
  from space 16896K, 69% used [0x00000000fdf00000,0x00000000fea70740,0x00000000fef80000)
  to   space 50688K, 0% used [0x00000000f9d00000,0x00000000f9d00000,0x00000000fce80000)
 ParOldGen       total 152576K, used 152407K [0x00000000a0000000, 0x00000000a9500000, 0x00000000e0000000)
  object space 152576K, 99% used [0x00000000a0000000,0x00000000a94d5e48,0x00000000a9500000)
 Metaspace       used 90085K, capacity 93628K, committed 94808K, reserved 1132544K
  class space    used 10978K, capacity 11727K, committed 12160K, reserved 1048576K
GC Heap History (10 events):
Event: 9291.326 GC heap before
{Heap before GC invocations=85 (full 6):
 PSYoungGen      total 502784K, used 491006K [0x00000000e0000000, 0x00000000ffd80000, 0x0000000100000000)
  eden space 486912K, 100% used [0x00000000e0000000,0x00000000fdb80000,0x00000000fdb80000)
  from space 15872K, 25% used [0x00000000fee00000,0x00000000ff1ff860,0x00000000ffd80000)
  to   space 17408K, 0% used [0x00000000fdb80000,0x00000000fdb80000,0x00000000fec80000)
 ParOldGen       total 149504K, used 68280K [0x00000000a0000000, 0x00000000a9200000, 0x00000000e0000000)
  object space 149504K, 45% used [0x00000000a0000000,0x00000000a42ae1f8,0x00000000a9200000)
 Metaspace       used 89469K, capacity 93458K, committed 93912K, reserved 1130496K
  class space    used 11022K, capacity 11827K, committed 12032K, reserved 1048576K
Event: 9291.343 GC heap after
Heap after GC invocations=85 (full 6):
 PSYoungGen      total 504320K, used 9089K [0x00000000e0000000, 0x0000000100000000, 0x0000000100000000)
  eden space 486912K, 0% used [0x00000000e0000000,0x00000000e0000000,0x00000000fdb80000)
  from space 17408K, 52% used [0x00000000fdb80000,0x00000000fe4605a0,0x00000000fec80000)
  to   space 17408K, 0% used [0x00000000fef00000,0x00000000fef00000,0x0000000100000000)
 ParOldGen       total 149504K, used 68296K [0x00000000a0000000, 0x00000000a9200000, 0x00000000e0000000)
  object space 149504K, 45% used [0x00000000a0000000,0x00000000a42b21f8,0x00000000a9200000)
 Metaspace       used 89469K, capacity 93458K, committed 93912K, reserved 1130496K
  class space    used 11022K, capacity 11827K, committed 12032K, reserved 1048576K
}
Event: 9296.164 GC heap before
{Heap before GC invocations=86 (full 6):
 PSYoungGen      total 504320K, used 496001K [0x00000000e0000000, 0x0000000100000000, 0x0000000100000000)
  eden space 486912K, 100% used [0x00000000e0000000,0x00000000fdb80000,0x00000000fdb80000)
  from space 17408K, 52% used [0x00000000fdb80000,0x00000000fe4605a0,0x00000000fec80000)
  to   space 17408K, 0% used [0x00000000fef00000,0x00000000fef00000,0x0000000100000000)
 ParOldGen       total 149504K, used 68296K [0x00000000a0000000, 0x00000000a9200000, 0x00000000e0000000)
  object space 149504K, 45% used [0x00000000a0000000,0x00000000a42b21f8,0x00000000a9200000)
 Metaspace       used 89515K, capacity 93530K, committed 93912K, reserved 1130496K
  class space    used 11023K, capacity 11829K, committed 12032K, reserved 1048576K
Event: 9296.172 GC heap after
Heap after GC invocations=86 (full 6):
 PSYoungGen      total 505856K, used 5475K [0x00000000e0000000, 0x00000000fff00000, 0x0000000100000000)
  eden space 489472K, 0% used [0x00000000e0000000,0x00000000e0000000,0x00000000fde00000)
  from space 16384K, 33% used [0x00000000fef00000,0x00000000ff458e88,0x00000000fff00000)
  to   space 16896K, 0% used [0x00000000fde00000,0x00000000fde00000,0x00000000fee80000)
 ParOldGen       total 149504K, used 68328K [0x00000000a0000000, 0x00000000a9200000, 0x00000000e0000000)
  object space 149504K, 45% used [0x00000000a0000000,0x00000000a42ba1f8,0x00000000a9200000)
 Metaspace       used 89515K, capacity 93530K, committed 93912K, reserved 1130496K
  class space    used 11023K, capacity 11829K, committed 12032K, reserved 1048576K
}
Event: 9315.824 GC heap before
{Heap before GC invocations=87 (full 6):
 PSYoungGen      total 505856K, used 494947K [0x00000000e0000000, 0x00000000fff00000, 0x0000000100000000)
  eden space 489472K, 100% used [0x00000000e0000000,0x00000000fde00000,0x00000000fde00000)
  from space 16384K, 33% used [0x00000000fef00000,0x00000000ff458e88,0x00000000fff00000)
  to   space 16896K, 0% used [0x00000000fde00000,0x00000000fde00000,0x00000000fee80000)
 ParOldGen       total 149504K, used 68328K [0x00000000a0000000, 0x00000000a9200000, 0x00000000e0000000)
  object space 149504K, 45% used [0x00000000a0000000,0x00000000a42ba1f8,0x00000000a9200000)
 Metaspace       used 89747K, capacity 93746K, committed 94168K, reserved 1132544K
  class space    used 11031K, capacity 11833K, committed 12032K, reserved 1048576K
Event: 9315.829 GC heap after
Heap after GC invocations=87 (full 6):
 PSYoungGen      total 468992K, used 480K [0x00000000e0000000, 0x00000000fef80000, 0x0000000100000000)
  eden space 468480K, 0% used [0x00000000e0000000,0x00000000e0000000,0x00000000fc980000)
  from space 512K, 93% used [0x00000000fde00000,0x00000000fde78000,0x00000000fde80000)
  to   space 16896K, 0% used [0x00000000fdf00000,0x00000000fdf00000,0x00000000fef80000)
 ParOldGen       total 149504K, used 68360K [0x00000000a0000000, 0x00000000a9200000, 0x00000000e0000000)
  object space 149504K, 45% used [0x00000000a0000000,0x00000000a42c21f8,0x00000000a9200000)
 Metaspace       used 89747K, capacity 93746K, committed 94168K, reserved 1132544K
  class space    used 11031K, capacity 11833K, committed 12032K, reserved 1048576K
}
Event: 9355.819 GC heap before
{Heap before GC invocations=88 (full 6):
 PSYoungGen      total 468992K, used 468960K [0x00000000e0000000, 0x00000000fef80000, 0x0000000100000000)
  eden space 468480K, 100% used [0x00000000e0000000,0x00000000fc980000,0x00000000fc980000)
  from space 512K, 93% used [0x00000000fde00000,0x00000000fde78000,0x00000000fde80000)
  to   space 16896K, 0% used [0x00000000fdf00000,0x00000000fdf00000,0x00000000fef80000)
 ParOldGen       total 149504K, used 68360K [0x00000000a0000000, 0x00000000a9200000, 0x00000000e0000000)
  object space 149504K, 45% used [0x00000000a0000000,0x00000000a42c21f8,0x00000000a9200000)
 Metaspace       used 90444K, capacity 94560K, committed 94808K, reserved 1132544K
  class space    used 11093K, capacity 11926K, committed 12160K, reserved 1048576K
Event: 9356.214 GC heap after
Heap after GC invocations=88 (full 6):
 PSYoungGen      total 439808K, used 16869K [0x00000000e0000000, 0x0000000100000000, 0x0000000100000000)
  eden space 422912K, 0% used [0x00000000e0000000,0x00000000e0000000,0x00000000f9d00000)
  from space 16896K, 99% used [0x00000000fdf00000,0x00000000fef79458,0x00000000fef80000)
  to   space 50688K, 0% used [0x00000000f9d00000,0x00000000f9d00000,0x00000000fce80000)
 ParOldGen       total 152576K, used 152451K [0x00000000a0000000, 0x00000000a9500000, 0x00000000e0000000)
  object space 152576K, 99% used [0x00000000a0000000,0x00000000a94e0f38,0x00000000a9500000)
 Metaspace       used 90444K, capacity 94560K, committed 94808K, reserved 1132544K
  class space    used 11093K, capacity 11926K, committed 12160K, reserved 1048576K
}
Event: 9356.224 GC heap before
{Heap before GC invocations=89 (full 7):
 PSYoungGen      total 439808K, used 16869K [0x00000000e0000000, 0x0000000100000000, 0x0000000100000000)
  eden space 422912K, 0% used [0x00000000e0000000,0x00000000e0000000,0x00000000f9d00000)
  from space 16896K, 99% used [0x00000000fdf00000,0x00000000fef79458,0x00000000fef80000)
  to   space 50688K, 0% used [0x00000000f9d00000,0x00000000f9d00000,0x00000000fce80000)
 ParOldGen       total 152576K, used 152451K [0x00000000a0000000, 0x00000000a9500000, 0x00000000e0000000)
  object space 152576K, 99% used [0x00000000a0000000,0x00000000a94e0f38,0x00000000a9500000)
 Metaspace       used 90444K, capacity 94560K, committed 94808K, reserved 1132544K
  class space    used 11093K, capacity 11926K, committed 12160K, reserved 1048576K
Event: 9358.323 GC heap after
Heap after GC invocations=89 (full 7):
 PSYoungGen      total 439808K, used 11713K [0x00000000e0000000, 0x0000000100000000, 0x0000000100000000)
  eden space 422912K, 0% used [0x00000000e0000000,0x00000000e0000000,0x00000000f9d00000)
  from space 16896K, 69% used [0x00000000fdf00000,0x00000000fea70740,0x00000000fef80000)
  to   space 50688K, 0% used [0x00000000f9d00000,0x00000000f9d00000,0x00000000fce80000)
 ParOldGen       total 152576K, used 152407K [0x00000000a0000000, 0x00000000a9500000, 0x00000000e0000000)
  object space 152576K, 99% used [0x00000000a0000000,0x00000000a94d5e48,0x00000000a9500000)
 Metaspace       used 90065K, capacity 93614K, committed 94808K, reserved 1132544K
  class space    used 10974K, capacity 11722K, committed 12160K, reserved 1048576K
}

