# JRE version: OpenJDK Runtime Environment (8.0_152-b02) (build 1.8.0_152-release-1024-b02)
# Java VM: OpenJDK 64-Bit Server VM (25.152-b02 mixed mode windows-amd64 compressed oops)
Heap:
 PSYoungGen      total 448000K, used 397093K [0x00000000e0000000, 0x00000000ff580000, 0x0000000100000000)
  eden space 391680K, 98% used [0x00000000e0000000,0x00000000f7a974f8,0x00000000f7e80000)
  from space 56320K, 16% used [0x00000000fbe80000,0x00000000fc7b2188,0x00000000ff580000)
  to   space 60928K, 0% used [0x00000000f7e80000,0x00000000f7e80000,0x00000000fba00000)
 ParOldGen       total 148480K, used 71306K [0x00000000a0000000, 0x00000000a9100000, 0x00000000e0000000)
  object space 148480K, 48% used [0x00000000a0000000,0x00000000a45a2b00,0x00000000a9100000)
 Metaspace       used 91353K, capacity 96974K, committed 97280K, reserved 1134592K
  class space    used 11197K, capacity 12146K, committed 12288K, reserved 1048576K
GC Heap History (10 events):
Event: 10896.549 GC heap before
{Heap before GC invocations=114 (full 8):
 PSYoungGen      total 434176K, used 358064K [0x00000000e0000000, 0x00000000ffd80000, 0x0000000100000000)
  eden space 351744K, 100% used [0x00000000e0000000,0x00000000f5780000,0x00000000f5780000)
  from space 82432K, 7% used [0x00000000f5780000,0x00000000f5dac010,0x00000000fa800000)
  to   space 78848K, 0% used [0x00000000fb080000,0x00000000fb080000,0x00000000ffd80000)
 ParOldGen       total 148480K, used 69862K [0x00000000a0000000, 0x00000000a9100000, 0x00000000e0000000)
  object space 148480K, 47% used [0x00000000a0000000,0x00000000a4439a00,0x00000000a9100000)
 Metaspace       used 90848K, capacity 96302K, committed 96768K, reserved 1134592K
  class space    used 11174K, capacity 12110K, committed 12288K, reserved 1048576K
Event: 10896.675 GC heap after
Heap after GC invocations=114 (full 8):
 PSYoungGen      total 433664K, used 9442K [0x00000000e0000000, 0x00000000ff580000, 0x0000000100000000)
  eden space 363008K, 0% used [0x00000000e0000000,0x00000000e0000000,0x00000000f6280000)
  from space 70656K, 13% used [0x00000000fb080000,0x00000000fb9b8bf8,0x00000000ff580000)
  to   space 75264K, 0% used [0x00000000f6280000,0x00000000f6280000,0x00000000fac00000)
 ParOldGen       total 148480K, used 70210K [0x00000000a0000000, 0x00000000a9100000, 0x00000000e0000000)
  object space 148480K, 47% used [0x00000000a0000000,0x00000000a4490a20,0x00000000a9100000)
 Metaspace       used 90848K, capacity 96302K, committed 96768K, reserved 1134592K
  class space    used 11174K, capacity 12110K, committed 12288K, reserved 1048576K
}
Event: 13990.704 GC heap before
{Heap before GC invocations=115 (full 8):
 PSYoungGen      total 433664K, used 372450K [0x00000000e0000000, 0x00000000ff580000, 0x0000000100000000)
  eden space 363008K, 100% used [0x00000000e0000000,0x00000000f6280000,0x00000000f6280000)
  from space 70656K, 13% used [0x00000000fb080000,0x00000000fb9b8bf8,0x00000000ff580000)
  to   space 75264K, 0% used [0x00000000f6280000,0x00000000f6280000,0x00000000fac00000)
 ParOldGen       total 148480K, used 70210K [0x00000000a0000000, 0x00000000a9100000, 0x00000000e0000000)
  object space 148480K, 47% used [0x00000000a0000000,0x00000000a4490a20,0x00000000a9100000)
 Metaspace       used 90914K, capacity 96446K, committed 96768K, reserved 1134592K
  class space    used 11175K, capacity 12112K, committed 12288K, reserved 1048576K
Event: 13990.742 GC heap after
Heap after GC invocations=115 (full 8):
 PSYoungGen      total 438272K, used 6460K [0x00000000e0000000, 0x00000000ffd80000, 0x0000000100000000)
  eden space 363008K, 0% used [0x00000000e0000000,0x00000000e0000000,0x00000000f6280000)
  from space 75264K, 8% used [0x00000000f6280000,0x00000000f68cf3f8,0x00000000fac00000)
  to   space 71680K, 0% used [0x00000000fb780000,0x00000000fb780000,0x00000000ffd80000)
 ParOldGen       total 148480K, used 70898K [0x00000000a0000000, 0x00000000a9100000, 0x00000000e0000000)
  object space 148480K, 47% used [0x00000000a0000000,0x00000000a453caa0,0x00000000a9100000)
 Metaspace       used 90914K, capacity 96446K, committed 96768K, reserved 1134592K
  class space    used 11175K, capacity 12112K, committed 12288K, reserved 1048576K
}
Event: 14399.451 GC heap before
{Heap before GC invocations=116 (full 8):
 PSYoungGen      total 438272K, used 369468K [0x00000000e0000000, 0x00000000ffd80000, 0x0000000100000000)
  eden space 363008K, 100% used [0x00000000e0000000,0x00000000f6280000,0x00000000f6280000)
  from space 75264K, 8% used [0x00000000f6280000,0x00000000f68cf3f8,0x00000000fac00000)
  to   space 71680K, 0% used [0x00000000fb780000,0x00000000fb780000,0x00000000ffd80000)
 ParOldGen       total 148480K, used 70898K [0x00000000a0000000, 0x00000000a9100000, 0x00000000e0000000)
  object space 148480K, 47% used [0x00000000a0000000,0x00000000a453caa0,0x00000000a9100000)
 Metaspace       used 91059K, capacity 96686K, committed 97024K, reserved 1134592K
  class space    used 11180K, capacity 12120K, committed 12288K, reserved 1048576K
Event: 14399.483 GC heap after
Heap after GC invocations=116 (full 8):
 PSYoungGen      total 440832K, used 7970K [0x00000000e0000000, 0x00000000ff580000, 0x0000000100000000)
  eden space 377344K, 0% used [0x00000000e0000000,0x00000000e0000000,0x00000000f7080000)
  from space 63488K, 12% used [0x00000000fb780000,0x00000000fbf488b0,0x00000000ff580000)
  to   space 68096K, 0% used [0x00000000f7080000,0x00000000f7080000,0x00000000fb300000)
 ParOldGen       total 148480K, used 71026K [0x00000000a0000000, 0x00000000a9100000, 0x00000000e0000000)
  object space 148480K, 47% used [0x00000000a0000000,0x00000000a455caa0,0x00000000a9100000)
 Metaspace       used 91059K, capacity 96686K, committed 97024K, reserved 1134592K
  class space    used 11180K, capacity 12120K, committed 12288K, reserved 1048576K
}
Event: 14494.527 GC heap before
{Heap before GC invocations=117 (full 8):
 PSYoungGen      total 440832K, used 385314K [0x00000000e0000000, 0x00000000ff580000, 0x0000000100000000)
  eden space 377344K, 100% used [0x00000000e0000000,0x00000000f7080000,0x00000000f7080000)
  from space 63488K, 12% used [0x00000000fb780000,0x00000000fbf488b0,0x00000000ff580000)
  to   space 68096K, 0% used [0x00000000f7080000,0x00000000f7080000,0x00000000fb300000)
 ParOldGen       total 148480K, used 71026K [0x00000000a0000000, 0x00000000a9100000, 0x00000000e0000000)
  object space 148480K, 47% used [0x00000000a0000000,0x00000000a455caa0,0x00000000a9100000)
 Metaspace       used 91116K, capacity 96692K, committed 97024K, reserved 1134592K
  class space    used 11181K, capacity 12121K, committed 12288K, reserved 1048576K
Event: 14494.557 GC heap after
Heap after GC invocations=117 (full 8):
 PSYoungGen      total 445440K, used 7785K [0x00000000e0000000, 0x00000000ffd80000, 0x0000000100000000)
  eden space 377344K, 0% used [0x00000000e0000000,0x00000000e0000000,0x00000000f7080000)
  from space 68096K, 11% used [0x00000000f7080000,0x00000000f781a4f0,0x00000000fb300000)
  to   space 64512K, 0% used [0x00000000fbe80000,0x00000000fbe80000,0x00000000ffd80000)
 ParOldGen       total 148480K, used 71186K [0x00000000a0000000, 0x00000000a9100000, 0x00000000e0000000)
  object space 148480K, 47% used [0x00000000a0000000,0x00000000a4584af0,0x00000000a9100000)
 Metaspace       used 91116K, capacity 96692K, committed 97024K, reserved 1134592K
  class space    used 11181K, capacity 12121K, committed 12288K, reserved 1048576K
}
Event: 15160.427 GC heap before
{Heap before GC invocations=118 (full 8):
 PSYoungGen      total 445440K, used 384752K [0x00000000e0000000, 0x00000000ffd80000, 0x0000000100000000)
  eden space 377344K, 99% used [0x00000000e0000000,0x00000000f7021d60,0x00000000f7080000)
  from space 68096K, 11% used [0x00000000f7080000,0x00000000f781a4f0,0x00000000fb300000)
  to   space 64512K, 0% used [0x00000000fbe80000,0x00000000fbe80000,0x00000000ffd80000)
 ParOldGen       total 148480K, used 71186K [0x00000000a0000000, 0x00000000a9100000, 0x00000000e0000000)
  object space 148480K, 47% used [0x00000000a0000000,0x00000000a4584af0,0x00000000a9100000)
 Metaspace       used 91222K, capacity 96750K, committed 97024K, reserved 1134592K
  class space    used 11185K, capacity 12130K, committed 12288K, reserved 1048576K
Event: 15160.509 GC heap after
Heap after GC invocations=118 (full 8):
 PSYoungGen      total 448000K, used 9416K [0x00000000e0000000, 0x00000000ff580000, 0x0000000100000000)
  eden space 391680K, 0% used [0x00000000e0000000,0x00000000e0000000,0x00000000f7e80000)
  from space 56320K, 16% used [0x00000000fbe80000,0x00000000fc7b2188,0x00000000ff580000)
  to   space 60928K, 0% used [0x00000000f7e80000,0x00000000f7e80000,0x00000000fba00000)
 ParOldGen       total 148480K, used 71306K [0x00000000a0000000, 0x00000000a9100000, 0x00000000e0000000)
  object space 148480K, 48% used [0x00000000a0000000,0x00000000a45a2b00,0x00000000a9100000)
 Metaspace       used 91222K, capacity 96750K, committed 97024K, reserved 1134592K
  class space    used 11185K, capacity 12130K, committed 12288K, reserved 1048576K
}

